[2025-04-08T06:53:03Z INFO  vibecoin] Starting Vibecoin node...
[2025-04-08T06:53:03Z INFO  vibecoin] Loaded configuration from "config.toml"
[2025-04-08T06:53:03Z INFO  vibecoin] Loaded genesis block with hash: f4f0b6fd0e12a11eab48210f2d6ebc11c718f9c7f098e17a43ba9d3cbeacbcc6
[2025-04-08T06:53:03Z INFO  vibecoin] Initializing storage...
[2025-04-08T06:53:03Z INFO  vibecoin] Genesis state already initialized
[2025-04-08T06:53:03Z INFO  vibecoin] Initializing network...
[2025-04-08T06:53:03Z INFO  vibecoin] Initializing consensus...
[2025-04-08T06:53:03Z DEBUG vibecoin::storage::block_store] Stored block at height 0: "0000000000000000000000000000000000000000000000000000000000000000"
[2025-04-08T06:53:03Z INFO  vibecoin::network::service::listener] Listening for connections on 0.0.0.0:30334
[2025-04-08T06:53:03Z INFO  vibecoin::consensus] Starting consensus engine...
[2025-04-08T06:53:03Z INFO  vibecoin] Vibecoin node started successfully
[2025-04-08T06:53:03Z INFO  vibecoin::consensus::engine] Setting mining interval to 5 seconds
[2025-04-08T06:53:03Z INFO  vibecoin::consensus::poh::generator] Starting PoH generator with tick rate 400000 Hz
[2025-04-08T06:53:03Z INFO  vibecoin::consensus::engine] Setting difficulty adjustment interval to 60 seconds
[2025-04-08T06:53:03Z INFO  vibecoin::consensus::mining::block_producer] BlockProducer: Updating chain state: height 0 -> 0, hash 0000000000000000000000000000000000000000000000000000000000000000 -> 0000000000000000000000000000000000000000000000000000000000000000
[2025-04-08T06:53:03Z INFO  vibecoin::consensus::mining::block_producer] BlockProducer: Chain state updated: height=0, tip_hash=0000000000000000000000000000000000000000000000000000000000000000
[2025-04-08T06:53:08Z INFO  vibecoin::consensus::engine] Mining timer fired. Enable mining: true
[2025-04-08T06:53:08Z INFO  vibecoin::consensus::engine] Attempting to mine a new block
[2025-04-08T06:53:08Z INFO  vibecoin::consensus::engine] Mining block at height 1 on top of block 0000000000000000000000000000000000000000000000000000000000000000
[2025-04-08T06:53:08Z INFO  vibecoin::consensus::engine] Block producer chain state: height=0, tip_hash=0000000000000000000000000000000000000000000000000000000000000000
[2025-04-08T06:53:08Z INFO  vibecoin::consensus::mining::block_producer] Mining block at height 1
[2025-04-08T06:53:08Z INFO  vibecoin::consensus::pow::miner] Starting mining for block at height 1
[2025-04-08T06:53:08Z INFO  vibecoin::consensus::pow::miner] Block mined at height 1 with nonce 65 in 0.00s
[2025-04-08T06:53:08Z INFO  vibecoin::consensus::engine] Mined new block at height 1
[2025-04-08T06:53:08Z INFO  vibecoin::consensus::engine] Received new block at height 1
[2025-04-08T06:53:08Z INFO  vibecoin::consensus::block_processor] Processing block at height 1
[2025-04-08T06:53:08Z INFO  vibecoin::storage::state_store] Applying block 1 with 0 transactions
[2025-04-08T06:53:08Z INFO  vibecoin::storage::state_store] Successfully applied block 1 with 0 transactions
[2025-04-08T06:53:08Z DEBUG vibecoin::consensus::block_processor] Block is valid
[2025-04-08T06:53:08Z DEBUG vibecoin::consensus::block_processor] Block builds on current chain
[2025-04-08T06:53:08Z INFO  vibecoin::storage::batch_operations] Committed block 1 with 0 transactions and 0 state changes
[2025-04-08T06:53:08Z INFO  vibecoin::consensus::block_processor] Block committed successfully: height=1
[2025-04-08T06:53:08Z INFO  vibecoin::consensus::engine] Updating chain state: height 0 -> 1, hash 0000000000000000000000000000000000000000000000000000000000000000 -> 0089f4e573931ed99bb2144d0887bbbdf381d28d577e81a4ea0a17baa2fe9421
[2025-04-08T06:53:08Z INFO  vibecoin::consensus::engine] Chain state updated: height=1, tip_hash=0089f4e573931ed99bb2144d0887bbbdf381d28d577e81a4ea0a17baa2fe9421, total_difficulty=101
[2025-04-08T06:53:08Z INFO  vibecoin::consensus::engine] Block processed successfully at height 1
[2025-04-08T06:53:08Z INFO  vibecoin::consensus::engine] Updating block producer chain state...
[2025-04-08T06:53:08Z INFO  vibecoin::consensus::engine] Block producer chain state before update: height=0, tip_hash=0000000000000000000000000000000000000000000000000000000000000000
[2025-04-08T06:53:08Z INFO  vibecoin::consensus::mining::block_producer] BlockProducer: Updating chain state: height 0 -> 1, hash 0000000000000000000000000000000000000000000000000000000000000000 -> 0089f4e573931ed99bb2144d0887bbbdf381d28d577e81a4ea0a17baa2fe9421
[2025-04-08T06:53:08Z INFO  vibecoin::consensus::mining::block_producer] BlockProducer: Chain state updated: height=1, tip_hash=0089f4e573931ed99bb2144d0887bbbdf381d28d577e81a4ea0a17baa2fe9421
[2025-04-08T06:53:08Z INFO  vibecoin::consensus::engine] Block producer chain state after update: height=1, tip_hash=0089f4e573931ed99bb2144d0887bbbdf381d28d577e81a4ea0a17baa2fe9421
